<?xml version="1.0" encoding="UTF-8"?>
<!-- Generated by org.testng.reporters.JUnitReportReporter -->
<testsuite hostname="DESKTOP-H1S09JH" failures="0" tests="1" name="testing_main.BookFlight" time="21.679" errors="0" timestamp="2020-10-12T19:20:42 IST" skipped="0">
  <testcase classname="testing_main.BookFlight" name="test" time="21.679"/>
  <system-out/>
</testsuite> <!-- testing_main.BookFlight -->
